{"contracts/BlindingAuction.sol":{"l":{"41":0,"42":0,"45":0,"46":0,"54":0,"55":0,"56":0,"57":0,"70":0,"83":0,"84":0,"85":0,"86":0,"88":0,"89":0,"90":0,"91":0,"96":0,"102":0,"104":0,"105":0,"106":0,"110":0,"112":0,"117":0,"118":0,"123":0,"125":0,"132":0,"133":0,"134":0,"135":0,"145":0,"146":0,"148":0,"150":0,"152":0,"153":0,"154":0},"path":"/Users/mayankvats/Desktop/work/blockchain/personal_projects/smart_contracts/contracts/BlindingAuction.sol","s":{"1":0,"2":0,"3":0,"4":0,"5":0,"6":0,"7":0,"8":0,"9":0,"10":0,"11":0,"12":0,"13":0,"14":0,"15":0,"16":0,"17":0,"18":0,"19":0,"20":0,"21":0,"22":0,"23":0,"24":0,"25":0,"26":0,"27":0,"28":0,"29":0,"30":0,"31":0,"32":0,"33":0,"34":0,"35":0,"36":0,"37":0},"b":{"1":[0,0],"2":[0,0],"3":[0,0],"4":[0,0],"5":[0,0],"6":[0,0],"7":[0,0],"8":[0,0],"9":[0,0],"10":[0,0],"11":[0,0],"12":[0,0],"13":[0,0]},"f":{"1":0,"2":0,"3":0,"4":0,"5":0,"6":0,"7":0,"8":0},"fnMap":{"1":{"name":"onlyBefore","line":40,"loc":{"start":{"line":40,"column":4},"end":{"line":43,"column":4}}},"2":{"name":"onlyAfter","line":44,"loc":{"start":{"line":44,"column":4},"end":{"line":47,"column":4}}},"3":{"name":"constructor","line":49,"loc":{"start":{"line":49,"column":4},"end":{"line":58,"column":4}}},"4":{"name":"bid","line":69,"loc":{"start":{"line":69,"column":4},"end":{"line":73,"column":4}}},"5":{"name":"reveal","line":82,"loc":{"start":{"line":78,"column":4},"end":{"line":113,"column":4}}},"6":{"name":"withdraw","line":116,"loc":{"start":{"line":116,"column":4},"end":{"line":127,"column":4}}},"7":{"name":"auctionEnd","line":131,"loc":{"start":{"line":131,"column":4},"end":{"line":136,"column":4}}},"8":{"name":"placeBid","line":141,"loc":{"start":{"line":141,"column":4},"end":{"line":155,"column":4}}}},"statementMap":{"1":{"start":{"line":41,"column":8},"end":{"line":41,"column":57}},"2":{"start":{"line":45,"column":8},"end":{"line":45,"column":58}},"3":{"start":{"line":54,"column":8},"end":{"line":54,"column":68}},"4":{"start":{"line":55,"column":8},"end":{"line":55,"column":39}},"5":{"start":{"line":56,"column":8},"end":{"line":56,"column":49}},"6":{"start":{"line":57,"column":8},"end":{"line":57,"column":42}},"7":{"start":{"line":70,"column":8},"end":{"line":70,"column":2295}},"8":{"start":{"line":83,"column":8},"end":{"line":83,"column":45}},"9":{"start":{"line":84,"column":8},"end":{"line":84,"column":39}},"10":{"start":{"line":85,"column":8},"end":{"line":85,"column":38}},"11":{"start":{"line":86,"column":8},"end":{"line":86,"column":40}},"12":{"start":{"line":88,"column":8},"end":{"line":88,"column":19}},"13":{"start":{"line":89,"column":8},"end":{"line":89,"column":2941}},"14":{"start":{"line":90,"column":12},"end":{"line":90,"column":56}},"15":{"start":{"line":91,"column":12},"end":{"line":91,"column":3052}},"16":{"start":{"line":96,"column":12},"end":{"line":96,"column":3202}},"17":{"start":{"line":104,"column":12},"end":{"line":104,"column":39}},"18":{"start":{"line":105,"column":12},"end":{"line":105,"column":3515}},"19":{"start":{"line":106,"column":16},"end":{"line":106,"column":64}},"20":{"start":{"line":106,"column":49},"end":{"line":106,"column":63}},"21":{"start":{"line":110,"column":12},"end":{"line":110,"column":45}},"22":{"start":{"line":112,"column":8},"end":{"line":112,"column":43}},"23":{"start":{"line":117,"column":8},"end":{"line":117,"column":48}},"24":{"start":{"line":118,"column":8},"end":{"line":118,"column":3974}},"25":{"start":{"line":123,"column":12},"end":{"line":123,"column":41}},"26":{"start":{"line":125,"column":12},"end":{"line":125,"column":47}},"27":{"start":{"line":132,"column":8},"end":{"line":132,"column":51}},"28":{"start":{"line":133,"column":8},"end":{"line":133,"column":52}},"29":{"start":{"line":134,"column":8},"end":{"line":134,"column":19}},"30":{"start":{"line":135,"column":8},"end":{"line":135,"column":39}},"31":{"start":{"line":145,"column":8},"end":{"line":145,"column":4944}},"32":{"start":{"line":146,"column":12},"end":{"line":146,"column":24}},"33":{"start":{"line":148,"column":8},"end":{"line":148,"column":5015}},"34":{"start":{"line":150,"column":12},"end":{"line":150,"column":54}},"35":{"start":{"line":152,"column":8},"end":{"line":152,"column":25}},"36":{"start":{"line":153,"column":8},"end":{"line":153,"column":29}},"37":{"start":{"line":154,"column":8},"end":{"line":154,"column":19}}},"branchMap":{"1":{"line":41,"type":"if","locations":[{"start":{"line":41,"column":8},"end":{"line":41,"column":8}},{"start":{"line":41,"column":8},"end":{"line":41,"column":8}}]},"2":{"line":45,"type":"if","locations":[{"start":{"line":45,"column":8},"end":{"line":45,"column":8}},{"start":{"line":45,"column":8},"end":{"line":45,"column":8}}]},"3":{"line":54,"type":"if","locations":[{"start":{"line":54,"column":8},"end":{"line":54,"column":8}},{"start":{"line":54,"column":8},"end":{"line":54,"column":8}}]},"4":{"line":84,"type":"if","locations":[{"start":{"line":84,"column":8},"end":{"line":84,"column":8}},{"start":{"line":84,"column":8},"end":{"line":84,"column":8}}]},"5":{"line":85,"type":"if","locations":[{"start":{"line":85,"column":8},"end":{"line":85,"column":8}},{"start":{"line":85,"column":8},"end":{"line":85,"column":8}}]},"6":{"line":86,"type":"if","locations":[{"start":{"line":86,"column":8},"end":{"line":86,"column":8}},{"start":{"line":86,"column":8},"end":{"line":86,"column":8}}]},"7":{"line":96,"type":"if","locations":[{"start":{"line":96,"column":12},"end":{"line":96,"column":12}},{"start":{"line":96,"column":12},"end":{"line":96,"column":12}}]},"8":{"line":105,"type":"if","locations":[{"start":{"line":105,"column":12},"end":{"line":105,"column":12}},{"start":{"line":105,"column":12},"end":{"line":105,"column":12}}]},"9":{"line":106,"type":"if","locations":[{"start":{"line":106,"column":16},"end":{"line":106,"column":16}},{"start":{"line":106,"column":16},"end":{"line":106,"column":16}}]},"10":{"line":118,"type":"if","locations":[{"start":{"line":118,"column":8},"end":{"line":118,"column":8}},{"start":{"line":118,"column":8},"end":{"line":118,"column":8}}]},"11":{"line":132,"type":"if","locations":[{"start":{"line":132,"column":8},"end":{"line":132,"column":8}},{"start":{"line":132,"column":8},"end":{"line":132,"column":8}}]},"12":{"line":145,"type":"if","locations":[{"start":{"line":145,"column":8},"end":{"line":145,"column":8}},{"start":{"line":145,"column":8},"end":{"line":145,"column":8}}]},"13":{"line":148,"type":"if","locations":[{"start":{"line":148,"column":8},"end":{"line":148,"column":8}},{"start":{"line":148,"column":8},"end":{"line":148,"column":8}}]}}},"contracts/Create2.sol":{"l":{"8":0,"16":0,"20":0,"32":0,"41":0,"45":0,"46":0},"path":"/Users/mayankvats/Desktop/work/blockchain/personal_projects/smart_contracts/contracts/Create2.sol","s":{"1":0,"2":0,"3":0,"4":0,"5":0,"6":0,"7":0},"b":{},"f":{"1":0,"2":0,"3":0,"4":0},"fnMap":{"1":{"name":"constructor","line":7,"loc":{"start":{"line":7,"column":4},"end":{"line":9,"column":4}}},"2":{"name":"deploy","line":15,"loc":{"start":{"line":15,"column":4},"end":{"line":21,"column":4}}},"3":{"name":"getAddress","line":27,"loc":{"start":{"line":27,"column":4},"end":{"line":42,"column":4}}},"4":{"name":"getByteCode","line":44,"loc":{"start":{"line":44,"column":4},"end":{"line":47,"column":4}}}},"statementMap":{"1":{"start":{"line":8,"column":8},"end":{"line":8,"column":21}},"2":{"start":{"line":16,"column":8},"end":{"line":16,"column":315}},"3":{"start":{"line":20,"column":8},"end":{"line":20,"column":39}},"4":{"start":{"line":32,"column":8},"end":{"line":32,"column":767}},"5":{"start":{"line":41,"column":8},"end":{"line":41,"column":46}},"6":{"start":{"line":45,"column":8},"end":{"line":45,"column":68}},"7":{"start":{"line":46,"column":8},"end":{"line":46,"column":61}}},"branchMap":{}},"contracts/DataLocations.sol":{"l":{"25":0,"29":0},"path":"/Users/mayankvats/Desktop/work/blockchain/personal_projects/smart_contracts/contracts/DataLocations.sol","s":{"1":0,"2":0},"b":{},"f":{"1":0},"fnMap":{"1":{"name":"example","line":21,"loc":{"start":{"line":21,"column":4},"end":{"line":34,"column":4}}}},"statementMap":{"1":{"start":{"line":25,"column":8},"end":{"line":25,"column":60}},"2":{"start":{"line":29,"column":8},"end":{"line":29,"column":47}}},"branchMap":{}},"contracts/EnglishAuction.sol":{"l":{"30":0,"31":0,"32":0,"33":0,"37":0,"38":0,"40":0,"41":0,"43":0,"45":0,"49":0,"50":0,"51":0,"53":0,"54":0,"57":0,"58":0,"60":0,"64":0,"68":0,"70":0,"72":0,"76":0,"77":0,"78":0,"80":0,"81":0,"82":0,"83":0,"85":0,"88":0},"path":"/Users/mayankvats/Desktop/work/blockchain/personal_projects/smart_contracts/contracts/EnglishAuction.sol","s":{"1":0,"2":0,"3":0,"4":0,"5":0,"6":0,"7":0,"8":0,"9":0,"10":0,"11":0,"12":0,"13":0,"14":0,"15":0,"16":0,"17":0,"18":0,"19":0,"20":0,"21":0,"22":0,"23":0,"24":0,"25":0,"26":0,"27":0,"28":0,"29":0,"30":0,"31":0},"b":{"1":[0,0],"2":[0,0],"3":[0,0],"4":[0,0],"5":[0,0],"6":[0,0],"7":[0,0],"8":[0,0],"9":[0,0],"10":[0,0]},"f":{"1":0,"2":0,"3":0,"4":0,"5":0},"fnMap":{"1":{"name":"constructor","line":25,"loc":{"start":{"line":25,"column":4},"end":{"line":34,"column":4}}},"2":{"name":"start","line":36,"loc":{"start":{"line":36,"column":4},"end":{"line":46,"column":4}}},"3":{"name":"bid","line":48,"loc":{"start":{"line":48,"column":4},"end":{"line":61,"column":4}}},"4":{"name":"withdraw","line":63,"loc":{"start":{"line":63,"column":4},"end":{"line":73,"column":4}}},"5":{"name":"end","line":75,"loc":{"start":{"line":75,"column":4},"end":{"line":89,"column":4}}}},"statementMap":{"1":{"start":{"line":30,"column":8},"end":{"line":30,"column":26}},"2":{"start":{"line":31,"column":8},"end":{"line":31,"column":21}},"3":{"start":{"line":32,"column":8},"end":{"line":32,"column":35}},"4":{"start":{"line":33,"column":8},"end":{"line":33,"column":32}},"5":{"start":{"line":37,"column":8},"end":{"line":37,"column":50}},"6":{"start":{"line":38,"column":8},"end":{"line":38,"column":35}},"7":{"start":{"line":40,"column":8},"end":{"line":40,"column":21}},"8":{"start":{"line":41,"column":8},"end":{"line":41,"column":43}},"9":{"start":{"line":43,"column":8},"end":{"line":43,"column":53}},"10":{"start":{"line":45,"column":8},"end":{"line":45,"column":20}},"11":{"start":{"line":49,"column":8},"end":{"line":49,"column":34}},"12":{"start":{"line":50,"column":8},"end":{"line":50,"column":48}},"13":{"start":{"line":51,"column":8},"end":{"line":51,"column":57}},"14":{"start":{"line":53,"column":8},"end":{"line":53,"column":1385}},"15":{"start":{"line":54,"column":12},"end":{"line":54,"column":44}},"16":{"start":{"line":57,"column":8},"end":{"line":57,"column":29}},"17":{"start":{"line":58,"column":8},"end":{"line":58,"column":33}},"18":{"start":{"line":60,"column":8},"end":{"line":60,"column":39}},"19":{"start":{"line":64,"column":8},"end":{"line":64,"column":38}},"20":{"start":{"line":68,"column":8},"end":{"line":68,"column":27}},"21":{"start":{"line":70,"column":8},"end":{"line":70,"column":40}},"22":{"start":{"line":72,"column":8},"end":{"line":72,"column":38}},"23":{"start":{"line":76,"column":8},"end":{"line":76,"column":38}},"24":{"start":{"line":77,"column":8},"end":{"line":77,"column":35}},"25":{"start":{"line":78,"column":8},"end":{"line":78,"column":53}},"26":{"start":{"line":80,"column":8},"end":{"line":80,"column":19}},"27":{"start":{"line":81,"column":8},"end":{"line":81,"column":2082}},"28":{"start":{"line":82,"column":12},"end":{"line":82,"column":64}},"29":{"start":{"line":83,"column":12},"end":{"line":83,"column":38}},"30":{"start":{"line":85,"column":12},"end":{"line":85,"column":57}},"31":{"start":{"line":88,"column":8},"end":{"line":88,"column":43}}},"branchMap":{"1":{"line":37,"type":"if","locations":[{"start":{"line":37,"column":8},"end":{"line":37,"column":8}},{"start":{"line":37,"column":8},"end":{"line":37,"column":8}}]},"2":{"line":38,"type":"if","locations":[{"start":{"line":38,"column":8},"end":{"line":38,"column":8}},{"start":{"line":38,"column":8},"end":{"line":38,"column":8}}]},"3":{"line":49,"type":"if","locations":[{"start":{"line":49,"column":8},"end":{"line":49,"column":8}},{"start":{"line":49,"column":8},"end":{"line":49,"column":8}}]},"4":{"line":50,"type":"if","locations":[{"start":{"line":50,"column":8},"end":{"line":50,"column":8}},{"start":{"line":50,"column":8},"end":{"line":50,"column":8}}]},"5":{"line":51,"type":"if","locations":[{"start":{"line":51,"column":8},"end":{"line":51,"column":8}},{"start":{"line":51,"column":8},"end":{"line":51,"column":8}}]},"6":{"line":53,"type":"if","locations":[{"start":{"line":53,"column":8},"end":{"line":53,"column":8}},{"start":{"line":53,"column":8},"end":{"line":53,"column":8}}]},"7":{"line":76,"type":"if","locations":[{"start":{"line":76,"column":8},"end":{"line":76,"column":8}},{"start":{"line":76,"column":8},"end":{"line":76,"column":8}}]},"8":{"line":77,"type":"if","locations":[{"start":{"line":77,"column":8},"end":{"line":77,"column":8}},{"start":{"line":77,"column":8},"end":{"line":77,"column":8}}]},"9":{"line":78,"type":"if","locations":[{"start":{"line":78,"column":8},"end":{"line":78,"column":8}},{"start":{"line":78,"column":8},"end":{"line":78,"column":8}}]},"10":{"line":81,"type":"if","locations":[{"start":{"line":81,"column":8},"end":{"line":81,"column":8}},{"start":{"line":81,"column":8},"end":{"line":81,"column":8}}]}}},"contracts/ERC20Permit.sol":{"l":{"18":3,"19":3,"22":3,"37":1,"49":1,"50":1,"66":1,"67":1,"71":1},"path":"/Users/mayankvats/Desktop/work/blockchain/personal_projects/smart_contracts/contracts/ERC20Permit.sol","s":{"1":3,"2":3,"3":1,"4":1,"5":1,"6":1,"7":1,"8":1},"b":{"1":[1,0],"2":[1,0]},"f":{"1":3,"2":1,"3":1},"fnMap":{"1":{"name":"constructor","line":16,"loc":{"start":{"line":15,"column":4},"end":{"line":33,"column":4}}},"2":{"name":"mint","line":36,"loc":{"start":{"line":36,"column":4},"end":{"line":38,"column":4}}},"3":{"name":"permit","line":40,"loc":{"start":{"line":40,"column":4},"end":{"line":72,"column":4}}}},"statementMap":{"1":{"start":{"line":18,"column":8},"end":{"line":18,"column":20}},"2":{"start":{"line":22,"column":8},"end":{"line":22,"column":678}},"3":{"start":{"line":37,"column":8},"end":{"line":37,"column":26}},"4":{"start":{"line":49,"column":8},"end":{"line":49,"column":67}},"5":{"start":{"line":50,"column":8},"end":{"line":50,"column":1452}},"6":{"start":{"line":66,"column":8},"end":{"line":66,"column":61}},"7":{"start":{"line":67,"column":8},"end":{"line":67,"column":1976}},"8":{"start":{"line":71,"column":8},"end":{"line":71,"column":38}}},"branchMap":{"1":{"line":49,"type":"if","locations":[{"start":{"line":49,"column":8},"end":{"line":49,"column":8}},{"start":{"line":49,"column":8},"end":{"line":49,"column":8}}]},"2":{"line":67,"type":"if","locations":[{"start":{"line":67,"column":8},"end":{"line":67,"column":8}},{"start":{"line":67,"column":8},"end":{"line":67,"column":8}}]}}},"contracts/Fallback.sol":{"l":{"26":0,"30":0},"path":"/Users/mayankvats/Desktop/work/blockchain/personal_projects/smart_contracts/contracts/Fallback.sol","s":{"1":0},"b":{},"f":{"1":0},"fnMap":{"1":{"name":null,"line":25,"loc":{"start":{"line":25,"column":4},"end":{"line":27,"column":4}}}},"statementMap":{"1":{"start":{"line":26,"column":8},"end":{"line":26,"column":61}}},"branchMap":{}},"contracts/GenericMultiCall.sol":{"l":{"6":0,"7":0,"9":0,"11":0,"12":0,"13":0,"14":0,"15":0,"16":0,"18":0,"21":0,"22":0},"path":"/Users/mayankvats/Desktop/work/blockchain/personal_projects/smart_contracts/contracts/GenericMultiCall.sol","s":{"1":0,"2":0,"3":0,"4":0,"5":0,"6":0,"7":0,"8":0,"9":0,"10":0,"11":0},"b":{"1":[0,0],"2":[0,0]},"f":{"1":0},"fnMap":{"1":{"name":"constructor","line":5,"loc":{"start":{"line":5,"column":4},"end":{"line":25,"column":4}}}},"statementMap":{"1":{"start":{"line":6,"column":8},"end":{"line":6,"column":36}},"2":{"start":{"line":7,"column":8},"end":{"line":7,"column":73}},"3":{"start":{"line":9,"column":8},"end":{"line":9,"column":53}},"4":{"start":{"line":11,"column":8},"end":{"line":11,"column":332}},"5":{"start":{"line":12,"column":12},"end":{"line":12,"column":39}},"6":{"start":{"line":13,"column":12},"end":{"line":13,"column":44}},"7":{"start":{"line":14,"column":12},"end":{"line":14,"column":75}},"8":{"start":{"line":15,"column":12},"end":{"line":15,"column":548}},"9":{"start":{"line":16,"column":16},"end":{"line":16,"column":41}},"10":{"start":{"line":18,"column":16},"end":{"line":18,"column":42}},"11":{"start":{"line":21,"column":8},"end":{"line":21,"column":65}}},"branchMap":{"1":{"line":7,"type":"if","locations":[{"start":{"line":7,"column":8},"end":{"line":7,"column":8}},{"start":{"line":7,"column":8},"end":{"line":7,"column":8}}]},"2":{"line":15,"type":"if","locations":[{"start":{"line":15,"column":12},"end":{"line":15,"column":12}},{"start":{"line":15,"column":12},"end":{"line":15,"column":12}}]}}},"contracts/Hacks/Reentrancy.sol":{"l":{"34":0,"35":0,"36":0,"37":0,"41":0,"45":0,"47":0,"48":0,"51":0,"55":0,"63":0,"64":0,"69":0,"71":0,"73":0},"path":"/Users/mayankvats/Desktop/work/blockchain/personal_projects/smart_contracts/contracts/Hacks/Reentrancy.sol","s":{"1":0,"2":0,"3":0,"4":0,"5":0,"6":0,"7":0,"8":0,"9":0,"10":0,"11":0,"12":0,"13":0,"14":0},"b":{"1":[0,0],"2":[0,0],"3":[0,0],"4":[0,0],"5":[0,0]},"f":{"1":0,"2":0,"3":0,"4":0,"5":0,"6":0},"fnMap":{"1":{"name":"nonReentrant","line":33,"loc":{"start":{"line":33,"column":4},"end":{"line":38,"column":4}}},"2":{"name":"deposit","line":40,"loc":{"start":{"line":40,"column":4},"end":{"line":42,"column":4}}},"3":{"name":"withdraw","line":44,"loc":{"start":{"line":44,"column":4},"end":{"line":52,"column":4}}},"4":{"name":"getBalance","line":54,"loc":{"start":{"line":54,"column":4},"end":{"line":56,"column":4}}},"5":{"name":null,"line":62,"loc":{"start":{"line":62,"column":4},"end":{"line":66,"column":4}}},"6":{"name":"attack","line":68,"loc":{"start":{"line":68,"column":4},"end":{"line":74,"column":4}}}},"statementMap":{"1":{"start":{"line":34,"column":8},"end":{"line":34,"column":41}},"2":{"start":{"line":35,"column":8},"end":{"line":35,"column":20}},"3":{"start":{"line":37,"column":8},"end":{"line":37,"column":21}},"4":{"start":{"line":41,"column":8},"end":{"line":41,"column":41}},"5":{"start":{"line":45,"column":8},"end":{"line":45,"column":70}},"6":{"start":{"line":47,"column":8},"end":{"line":47,"column":59}},"7":{"start":{"line":48,"column":8},"end":{"line":48,"column":42}},"8":{"start":{"line":51,"column":8},"end":{"line":51,"column":39}},"9":{"start":{"line":55,"column":8},"end":{"line":55,"column":36}},"10":{"start":{"line":63,"column":8},"end":{"line":63,"column":1728}},"11":{"start":{"line":64,"column":12},"end":{"line":64,"column":39}},"12":{"start":{"line":69,"column":8},"end":{"line":69,"column":36}},"13":{"start":{"line":71,"column":8},"end":{"line":71,"column":43}},"14":{"start":{"line":73,"column":8},"end":{"line":73,"column":35}}},"branchMap":{"1":{"line":34,"type":"if","locations":[{"start":{"line":34,"column":8},"end":{"line":34,"column":8}},{"start":{"line":34,"column":8},"end":{"line":34,"column":8}}]},"2":{"line":45,"type":"if","locations":[{"start":{"line":45,"column":8},"end":{"line":45,"column":8}},{"start":{"line":45,"column":8},"end":{"line":45,"column":8}}]},"3":{"line":48,"type":"if","locations":[{"start":{"line":48,"column":8},"end":{"line":48,"column":8}},{"start":{"line":48,"column":8},"end":{"line":48,"column":8}}]},"4":{"line":63,"type":"if","locations":[{"start":{"line":63,"column":8},"end":{"line":63,"column":8}},{"start":{"line":63,"column":8},"end":{"line":63,"column":8}}]},"5":{"line":69,"type":"if","locations":[{"start":{"line":69,"column":8},"end":{"line":69,"column":8}},{"start":{"line":69,"column":8},"end":{"line":69,"column":8}}]}}},"contracts/Keccak256.sol":{"l":{"18":0,"26":0,"34":0,"42":0},"path":"/Users/mayankvats/Desktop/work/blockchain/personal_projects/smart_contracts/contracts/Keccak256.sol","s":{"1":0,"2":0,"3":0,"4":0},"b":{},"f":{"1":0,"2":0,"3":0,"4":0},"fnMap":{"1":{"name":"Hash","line":13,"loc":{"start":{"line":13,"column":4},"end":{"line":19,"column":4}}},"2":{"name":"encode","line":21,"loc":{"start":{"line":21,"column":4},"end":{"line":27,"column":4}}},"3":{"name":"encodePacked","line":29,"loc":{"start":{"line":29,"column":4},"end":{"line":35,"column":4}}},"4":{"name":"collision","line":37,"loc":{"start":{"line":37,"column":4},"end":{"line":43,"column":4}}}},"statementMap":{"1":{"start":{"line":18,"column":8},"end":{"line":18,"column":59}},"2":{"start":{"line":26,"column":8},"end":{"line":26,"column":39}},"3":{"start":{"line":34,"column":8},"end":{"line":34,"column":45}},"4":{"start":{"line":42,"column":8},"end":{"line":42,"column":56}}},"branchMap":{}},"contracts/Kill.sol":{"l":{"16":0,"20":0},"path":"/Users/mayankvats/Desktop/work/blockchain/personal_projects/smart_contracts/contracts/Kill.sol","s":{"1":0,"2":0},"b":{},"f":{"1":0,"2":0,"3":0},"fnMap":{"1":{"name":"constructor","line":13,"loc":{"start":{"line":13,"column":4},"end":{"line":13,"column":27}}},"2":{"name":"kill","line":15,"loc":{"start":{"line":15,"column":4},"end":{"line":17,"column":4}}},"3":{"name":"testCall","line":19,"loc":{"start":{"line":19,"column":4},"end":{"line":21,"column":4}}}},"statementMap":{"1":{"start":{"line":16,"column":8},"end":{"line":16,"column":40}},"2":{"start":{"line":20,"column":8},"end":{"line":20,"column":18}}},"branchMap":{}},"contracts/Library.sol":{"l":{"13":0,"23":0,"24":0,"25":0,"29":0,"35":0,"45":0},"path":"/Users/mayankvats/Desktop/work/blockchain/personal_projects/smart_contracts/contracts/Library.sol","s":{"1":0,"2":0,"3":0,"4":0,"5":0,"6":0,"7":0},"b":{"1":[0,0]},"f":{"1":0,"2":0,"3":0,"4":0},"fnMap":{"1":{"name":"max","line":12,"loc":{"start":{"line":12,"column":4},"end":{"line":14,"column":4}}},"2":{"name":"find","line":18,"loc":{"start":{"line":18,"column":4},"end":{"line":30,"column":4}}},"3":{"name":"testMax","line":34,"loc":{"start":{"line":34,"column":4},"end":{"line":36,"column":4}}},"4":{"name":"testFind","line":43,"loc":{"start":{"line":43,"column":4},"end":{"line":46,"column":4}}}},"statementMap":{"1":{"start":{"line":13,"column":8},"end":{"line":13,"column":29}},"2":{"start":{"line":23,"column":8},"end":{"line":23,"column":605}},"3":{"start":{"line":24,"column":12},"end":{"line":24,"column":660}},"4":{"start":{"line":25,"column":16},"end":{"line":25,"column":24}},"5":{"start":{"line":29,"column":8},"end":{"line":29,"column":26}},"6":{"start":{"line":35,"column":8},"end":{"line":35,"column":29}},"7":{"start":{"line":45,"column":8},"end":{"line":45,"column":26}}},"branchMap":{"1":{"line":24,"type":"if","locations":[{"start":{"line":24,"column":12},"end":{"line":24,"column":12}},{"start":{"line":24,"column":12},"end":{"line":24,"column":12}}]}}},"contracts/Locker.sol":{"l":{"11":2,"12":1,"14":1,"18":0,"19":0,"24":0,"26":0,"30":0},"path":"/Users/mayankvats/Desktop/work/blockchain/personal_projects/smart_contracts/contracts/Locker.sol","s":{"1":2,"2":1,"3":1,"4":0,"5":0,"6":0,"7":0,"8":0},"b":{"1":[1,1],"2":[0,0],"3":[0,0]},"f":{"1":2,"2":0,"3":0},"fnMap":{"1":{"name":"deposit","line":10,"loc":{"start":{"line":10,"column":4},"end":{"line":15,"column":4}}},"2":{"name":"withdraw","line":17,"loc":{"start":{"line":17,"column":4},"end":{"line":27,"column":4}}},"3":{"name":"getBalance","line":29,"loc":{"start":{"line":29,"column":4},"end":{"line":31,"column":4}}}},"statementMap":{"1":{"start":{"line":11,"column":8},"end":{"line":11,"column":52}},"2":{"start":{"line":12,"column":8},"end":{"line":12,"column":40}},"3":{"start":{"line":14,"column":8},"end":{"line":14,"column":43}},"4":{"start":{"line":18,"column":8},"end":{"line":18,"column":75}},"5":{"start":{"line":19,"column":8},"end":{"line":19,"column":581}},"6":{"start":{"line":24,"column":8},"end":{"line":24,"column":61}},"7":{"start":{"line":26,"column":8},"end":{"line":26,"column":41}},"8":{"start":{"line":30,"column":8},"end":{"line":30,"column":36}}},"branchMap":{"1":{"line":11,"type":"if","locations":[{"start":{"line":11,"column":8},"end":{"line":11,"column":8}},{"start":{"line":11,"column":8},"end":{"line":11,"column":8}}]},"2":{"line":18,"type":"if","locations":[{"start":{"line":18,"column":8},"end":{"line":18,"column":8}},{"start":{"line":18,"column":8},"end":{"line":18,"column":8}}]},"3":{"line":19,"type":"if","locations":[{"start":{"line":19,"column":8},"end":{"line":19,"column":8}},{"start":{"line":19,"column":8},"end":{"line":19,"column":8}}]}}},"contracts/MultiCall.sol":{"l":{"15":0,"19":0,"24":0,"29":0,"39":0,"44":0,"46":0,"47":0,"50":0,"52":0,"55":0},"path":"/Users/mayankvats/Desktop/work/blockchain/personal_projects/smart_contracts/contracts/MultiCall.sol","s":{"1":0,"2":0,"3":0,"4":0,"5":0,"6":0,"7":0,"8":0,"9":0,"10":0,"11":0},"b":{"1":[0,0],"2":[0,0]},"f":{"1":0,"2":0,"3":0,"4":0,"5":0},"fnMap":{"1":{"name":"func1","line":14,"loc":{"start":{"line":14,"column":4},"end":{"line":16,"column":4}}},"2":{"name":"func2","line":18,"loc":{"start":{"line":18,"column":4},"end":{"line":20,"column":4}}},"3":{"name":"getData1","line":22,"loc":{"start":{"line":22,"column":4},"end":{"line":25,"column":4}}},"4":{"name":"getData2","line":27,"loc":{"start":{"line":27,"column":4},"end":{"line":30,"column":4}}},"5":{"name":"multiCall","line":34,"loc":{"start":{"line":34,"column":4},"end":{"line":56,"column":4}}}},"statementMap":{"1":{"start":{"line":15,"column":8},"end":{"line":15,"column":35}},"2":{"start":{"line":19,"column":8},"end":{"line":19,"column":35}},"3":{"start":{"line":24,"column":8},"end":{"line":24,"column":58}},"4":{"start":{"line":29,"column":8},"end":{"line":29,"column":58}},"5":{"start":{"line":39,"column":8},"end":{"line":39,"column":1065}},"6":{"start":{"line":44,"column":8},"end":{"line":44,"column":57}},"7":{"start":{"line":46,"column":8},"end":{"line":46,"column":1243}},"8":{"start":{"line":47,"column":12},"end":{"line":47,"column":1303}},"9":{"start":{"line":50,"column":12},"end":{"line":50,"column":37}},"10":{"start":{"line":52,"column":12},"end":{"line":52,"column":30}},"11":{"start":{"line":55,"column":8},"end":{"line":55,"column":22}}},"branchMap":{"1":{"line":39,"type":"if","locations":[{"start":{"line":39,"column":8},"end":{"line":39,"column":8}},{"start":{"line":39,"column":8},"end":{"line":39,"column":8}}]},"2":{"line":50,"type":"if","locations":[{"start":{"line":50,"column":12},"end":{"line":50,"column":12}},{"start":{"line":50,"column":12},"end":{"line":50,"column":12}}]}}},"contracts/MultiSigWallet.sol":{"l":{"27":0,"28":0,"32":0,"33":0,"37":0,"38":0,"42":0,"43":0,"47":0,"48":0,"53":0,"54":0,"56":0,"57":0,"59":0,"60":0,"63":0,"67":0,"78":0,"82":0,"92":0,"93":0,"102":0,"106":0,"108":0,"110":0,"114":0,"116":0,"125":0,"127":0,"129":0,"137":0,"138":0,"140":0,"141":0,"153":0,"155":0},"path":"/Users/mayankvats/Desktop/work/blockchain/personal_projects/smart_contracts/contracts/MultiSigWallet.sol","s":{"1":0,"2":0,"3":0,"4":0,"5":0,"6":0,"7":0,"8":0,"9":0,"10":0,"11":0,"12":0,"13":0,"14":0,"15":0,"16":0,"17":0,"18":0,"19":0,"20":0,"21":0,"22":0,"23":0,"24":0,"25":0,"26":0,"27":0,"28":0,"29":0,"30":0,"31":0,"32":0},"b":{"1":[0,0],"2":[0,0],"3":[0,0],"4":[0,0],"5":[0,0],"6":[0,0],"7":[0,0],"8":[0,0],"9":[0,0],"10":[0,0],"11":[0,0],"12":[0,0]},"f":{"1":0,"2":0,"3":0,"4":0,"5":0,"6":0,"7":0,"8":0,"9":0,"10":0,"11":0},"fnMap":{"1":{"name":"onlyOwner","line":26,"loc":{"start":{"line":26,"column":4},"end":{"line":29,"column":4}}},"2":{"name":"txExists","line":31,"loc":{"start":{"line":31,"column":4},"end":{"line":34,"column":4}}},"3":{"name":"notApproved","line":36,"loc":{"start":{"line":36,"column":4},"end":{"line":39,"column":4}}},"4":{"name":"notExecuted","line":41,"loc":{"start":{"line":41,"column":4},"end":{"line":44,"column":4}}},"5":{"name":"constructor","line":46,"loc":{"start":{"line":46,"column":4},"end":{"line":64,"column":4}}},"6":{"name":"submitTransaction","line":77,"loc":{"start":{"line":73,"column":4},"end":{"line":83,"column":4}}},"7":{"name":"approveTransaction","line":90,"loc":{"start":{"line":85,"column":4},"end":{"line":94,"column":4}}},"8":{"name":"executeTransaction","line":100,"loc":{"start":{"line":96,"column":4},"end":{"line":117,"column":4}}},"9":{"name":"revokeTransaction","line":123,"loc":{"start":{"line":119,"column":4},"end":{"line":130,"column":4}}},"10":{"name":"_getApprovalCount","line":132,"loc":{"start":{"line":132,"column":4},"end":{"line":144,"column":4}}},"11":{"name":"deployWallet","line":150,"loc":{"start":{"line":150,"column":4},"end":{"line":156,"column":4}}}},"statementMap":{"1":{"start":{"line":27,"column":8},"end":{"line":27,"column":48}},"2":{"start":{"line":32,"column":8},"end":{"line":32,"column":68}},"3":{"start":{"line":37,"column":8},"end":{"line":37,"column":68}},"4":{"start":{"line":42,"column":8},"end":{"line":42,"column":69}},"5":{"start":{"line":47,"column":8},"end":{"line":47,"column":53}},"6":{"start":{"line":48,"column":8},"end":{"line":48,"column":1318}},"7":{"start":{"line":53,"column":8},"end":{"line":53,"column":1474}},"8":{"start":{"line":54,"column":12},"end":{"line":54,"column":38}},"9":{"start":{"line":56,"column":12},"end":{"line":56,"column":58}},"10":{"start":{"line":57,"column":12},"end":{"line":57,"column":55}},"11":{"start":{"line":59,"column":12},"end":{"line":59,"column":32}},"12":{"start":{"line":60,"column":12},"end":{"line":60,"column":29}},"13":{"start":{"line":63,"column":8},"end":{"line":63,"column":45}},"14":{"start":{"line":78,"column":8},"end":{"line":78,"column":2174}},"15":{"start":{"line":82,"column":8},"end":{"line":82,"column":44}},"16":{"start":{"line":92,"column":8},"end":{"line":92,"column":45}},"17":{"start":{"line":93,"column":8},"end":{"line":93,"column":39}},"18":{"start":{"line":102,"column":8},"end":{"line":102,"column":2747}},"19":{"start":{"line":106,"column":8},"end":{"line":106,"column":61}},"20":{"start":{"line":108,"column":8},"end":{"line":108,"column":34}},"21":{"start":{"line":110,"column":8},"end":{"line":110,"column":2972}},"22":{"start":{"line":114,"column":8},"end":{"line":114,"column":36}},"23":{"start":{"line":116,"column":8},"end":{"line":116,"column":27}},"24":{"start":{"line":125,"column":8},"end":{"line":125,"column":63}},"25":{"start":{"line":127,"column":8},"end":{"line":127,"column":46}},"26":{"start":{"line":129,"column":8},"end":{"line":129,"column":38}},"27":{"start":{"line":137,"column":8},"end":{"line":137,"column":3578}},"28":{"start":{"line":138,"column":12},"end":{"line":138,"column":37}},"29":{"start":{"line":140,"column":12},"end":{"line":140,"column":3676}},"30":{"start":{"line":141,"column":16},"end":{"line":141,"column":25}},"31":{"start":{"line":153,"column":8},"end":{"line":153,"column":79}},"32":{"start":{"line":155,"column":8},"end":{"line":155,"column":52}}},"branchMap":{"1":{"line":27,"type":"if","locations":[{"start":{"line":27,"column":8},"end":{"line":27,"column":8}},{"start":{"line":27,"column":8},"end":{"line":27,"column":8}}]},"2":{"line":32,"type":"if","locations":[{"start":{"line":32,"column":8},"end":{"line":32,"column":8}},{"start":{"line":32,"column":8},"end":{"line":32,"column":8}}]},"3":{"line":37,"type":"if","locations":[{"start":{"line":37,"column":8},"end":{"line":37,"column":8}},{"start":{"line":37,"column":8},"end":{"line":37,"column":8}}]},"4":{"line":42,"type":"if","locations":[{"start":{"line":42,"column":8},"end":{"line":42,"column":8}},{"start":{"line":42,"column":8},"end":{"line":42,"column":8}}]},"5":{"line":47,"type":"if","locations":[{"start":{"line":47,"column":8},"end":{"line":47,"column":8}},{"start":{"line":47,"column":8},"end":{"line":47,"column":8}}]},"6":{"line":48,"type":"if","locations":[{"start":{"line":48,"column":8},"end":{"line":48,"column":8}},{"start":{"line":48,"column":8},"end":{"line":48,"column":8}}]},"7":{"line":56,"type":"if","locations":[{"start":{"line":56,"column":12},"end":{"line":56,"column":12}},{"start":{"line":56,"column":12},"end":{"line":56,"column":12}}]},"8":{"line":57,"type":"if","locations":[{"start":{"line":57,"column":12},"end":{"line":57,"column":12}},{"start":{"line":57,"column":12},"end":{"line":57,"column":12}}]},"9":{"line":102,"type":"if","locations":[{"start":{"line":102,"column":8},"end":{"line":102,"column":8}},{"start":{"line":102,"column":8},"end":{"line":102,"column":8}}]},"10":{"line":114,"type":"if","locations":[{"start":{"line":114,"column":8},"end":{"line":114,"column":8}},{"start":{"line":114,"column":8},"end":{"line":114,"column":8}}]},"11":{"line":125,"type":"if","locations":[{"start":{"line":125,"column":8},"end":{"line":125,"column":8}},{"start":{"line":125,"column":8},"end":{"line":125,"column":8}}]},"12":{"line":140,"type":"if","locations":[{"start":{"line":140,"column":12},"end":{"line":140,"column":12}},{"start":{"line":140,"column":12},"end":{"line":140,"column":12}}]}}},"contracts/MultiTokenBalanceGetter.sol":{"l":{"10":0,"12":0,"14":0,"15":0,"16":0,"17":0,"19":0,"22":0,"23":0},"path":"/Users/mayankvats/Desktop/work/blockchain/personal_projects/smart_contracts/contracts/MultiTokenBalanceGetter.sol","s":{"1":0,"2":0,"3":0,"4":0,"5":0,"6":0,"7":0,"8":0},"b":{"1":[0,0]},"f":{"1":0},"fnMap":{"1":{"name":"constructor","line":9,"loc":{"start":{"line":9,"column":4},"end":{"line":26,"column":4}}}},"statementMap":{"1":{"start":{"line":10,"column":8},"end":{"line":10,"column":35}},"2":{"start":{"line":12,"column":8},"end":{"line":12,"column":57}},"3":{"start":{"line":14,"column":8},"end":{"line":14,"column":354}},"4":{"start":{"line":15,"column":12},"end":{"line":15,"column":37}},"5":{"start":{"line":16,"column":12},"end":{"line":16,"column":445}},"6":{"start":{"line":17,"column":16},"end":{"line":17,"column":47}},"7":{"start":{"line":19,"column":16},"end":{"line":19,"column":64}},"8":{"start":{"line":22,"column":8},"end":{"line":22,"column":65}}},"branchMap":{"1":{"line":16,"type":"if","locations":[{"start":{"line":16,"column":12},"end":{"line":16,"column":12}},{"start":{"line":16,"column":12},"end":{"line":16,"column":12}}]}}},"contracts/NFT.sol":{"l":{"18":0,"22":0,"23":0,"27":0,"28":0,"32":0,"33":0,"37":0,"38":0,"42":0},"path":"/Users/mayankvats/Desktop/work/blockchain/personal_projects/smart_contracts/contracts/NFT.sol","s":{"1":0,"2":0,"3":0,"4":0,"5":0,"6":0,"7":0,"8":0},"b":{"1":[0,0],"2":[0,0],"3":[0,0]},"f":{"1":0,"2":0,"3":0,"4":0,"5":0,"6":0},"fnMap":{"1":{"name":"constructor","line":16,"loc":{"start":{"line":15,"column":4},"end":{"line":19,"column":4}}},"2":{"name":"onlyShopOwner","line":21,"loc":{"start":{"line":21,"column":4},"end":{"line":24,"column":4}}},"3":{"name":"onlyShop","line":26,"loc":{"start":{"line":26,"column":4},"end":{"line":29,"column":4}}},"4":{"name":"mint","line":31,"loc":{"start":{"line":31,"column":4},"end":{"line":34,"column":4}}},"5":{"name":"updateNftShopAddress","line":36,"loc":{"start":{"line":36,"column":4},"end":{"line":39,"column":4}}},"6":{"name":"exists","line":41,"loc":{"start":{"line":41,"column":4},"end":{"line":43,"column":4}}}},"statementMap":{"1":{"start":{"line":18,"column":8},"end":{"line":18,"column":29}},"2":{"start":{"line":22,"column":8},"end":{"line":22,"column":61}},"3":{"start":{"line":27,"column":8},"end":{"line":27,"column":59}},"4":{"start":{"line":32,"column":8},"end":{"line":32,"column":43}},"5":{"start":{"line":33,"column":8},"end":{"line":33,"column":29}},"6":{"start":{"line":37,"column":8},"end":{"line":37,"column":55}},"7":{"start":{"line":38,"column":8},"end":{"line":38,"column":22}},"8":{"start":{"line":42,"column":8},"end":{"line":42,"column":32}}},"branchMap":{"1":{"line":22,"type":"if","locations":[{"start":{"line":22,"column":8},"end":{"line":22,"column":8}},{"start":{"line":22,"column":8},"end":{"line":22,"column":8}}]},"2":{"line":27,"type":"if","locations":[{"start":{"line":27,"column":8},"end":{"line":27,"column":8}},{"start":{"line":27,"column":8},"end":{"line":27,"column":8}}]},"3":{"line":37,"type":"if","locations":[{"start":{"line":37,"column":8},"end":{"line":37,"column":8}},{"start":{"line":37,"column":8},"end":{"line":37,"column":8}}]}}},"contracts/NftShop.sol":{"l":{"13":0,"14":0,"15":0,"20":0,"21":0,"27":0,"28":0,"36":0,"37":0,"41":0,"43":0,"44":0,"45":0,"48":0,"54":0,"55":0,"56":0},"path":"/Users/mayankvats/Desktop/work/blockchain/personal_projects/smart_contracts/contracts/NftShop.sol","s":{"1":0,"2":0,"3":0,"4":0,"5":0,"6":0,"7":0,"8":0,"9":0,"10":0,"11":0,"12":0,"13":0,"14":0,"15":0,"16":0},"b":{"1":[0,0],"2":[0,0],"3":[0,0],"4":[0,0],"5":[0,0],"6":[0,0],"7":[0,0]},"f":{"1":0,"2":0,"3":0,"4":0,"5":0},"fnMap":{"1":{"name":"constructor","line":12,"loc":{"start":{"line":12,"column":4},"end":{"line":16,"column":4}}},"2":{"name":"onlyShopOwner","line":19,"loc":{"start":{"line":19,"column":4},"end":{"line":22,"column":4}}},"3":{"name":"mintNfts","line":26,"loc":{"start":{"line":26,"column":4},"end":{"line":30,"column":4}}},"4":{"name":"buyNft","line":35,"loc":{"start":{"line":35,"column":4},"end":{"line":49,"column":4}}},"5":{"name":"sellNft","line":53,"loc":{"start":{"line":53,"column":4},"end":{"line":57,"column":4}}}},"statementMap":{"1":{"start":{"line":13,"column":8},"end":{"line":13,"column":64}},"2":{"start":{"line":14,"column":8},"end":{"line":14,"column":44}},"3":{"start":{"line":15,"column":8},"end":{"line":15,"column":29}},"4":{"start":{"line":20,"column":8},"end":{"line":20,"column":61}},"5":{"start":{"line":27,"column":8},"end":{"line":27,"column":799}},"6":{"start":{"line":28,"column":12},"end":{"line":28,"column":31}},"7":{"start":{"line":36,"column":8},"end":{"line":36,"column":66}},"8":{"start":{"line":37,"column":8},"end":{"line":37,"column":1173}},"9":{"start":{"line":41,"column":8},"end":{"line":41,"column":63}},"10":{"start":{"line":43,"column":8},"end":{"line":43,"column":53}},"11":{"start":{"line":44,"column":8},"end":{"line":44,"column":1425}},"12":{"start":{"line":45,"column":12},"end":{"line":45,"column":53}},"13":{"start":{"line":48,"column":8},"end":{"line":48,"column":68}},"14":{"start":{"line":54,"column":8},"end":{"line":54,"column":66}},"15":{"start":{"line":55,"column":8},"end":{"line":55,"column":68}},"16":{"start":{"line":56,"column":8},"end":{"line":56,"column":47}}},"branchMap":{"1":{"line":13,"type":"if","locations":[{"start":{"line":13,"column":8},"end":{"line":13,"column":8}},{"start":{"line":13,"column":8},"end":{"line":13,"column":8}}]},"2":{"line":20,"type":"if","locations":[{"start":{"line":20,"column":8},"end":{"line":20,"column":8}},{"start":{"line":20,"column":8},"end":{"line":20,"column":8}}]},"3":{"line":36,"type":"if","locations":[{"start":{"line":36,"column":8},"end":{"line":36,"column":8}},{"start":{"line":36,"column":8},"end":{"line":36,"column":8}}]},"4":{"line":37,"type":"if","locations":[{"start":{"line":37,"column":8},"end":{"line":37,"column":8}},{"start":{"line":37,"column":8},"end":{"line":37,"column":8}}]},"5":{"line":41,"type":"if","locations":[{"start":{"line":41,"column":8},"end":{"line":41,"column":8}},{"start":{"line":41,"column":8},"end":{"line":41,"column":8}}]},"6":{"line":44,"type":"if","locations":[{"start":{"line":44,"column":8},"end":{"line":44,"column":8}},{"start":{"line":44,"column":8},"end":{"line":44,"column":8}}]},"7":{"line":54,"type":"if","locations":[{"start":{"line":54,"column":8},"end":{"line":54,"column":8}},{"start":{"line":54,"column":8},"end":{"line":54,"column":8}}]}}},"contracts/OBAC.sol":{"l":{"32":6,"37":6,"39":6,"44":6,"46":6,"50":0,"51":0,"55":0,"60":0,"61":0,"63":0,"67":3,"68":2,"72":0,"73":0,"80":0,"82":0,"86":0},"path":"/Users/mayankvats/Desktop/work/blockchain/personal_projects/smart_contracts/contracts/OBAC.sol","s":{"1":6,"2":6,"3":6,"4":6,"5":6,"6":0,"7":0,"8":0,"9":0,"10":0,"11":0,"12":3,"13":2,"14":0,"15":0,"16":0,"17":0,"18":0},"b":{"1":[0,0],"2":[0,0],"3":[0,0],"4":[2,1],"5":[0,0]},"f":{"1":6,"2":0,"3":3,"4":0,"5":0,"6":0},"fnMap":{"1":{"name":"constructor","line":31,"loc":{"start":{"line":31,"column":4},"end":{"line":47,"column":4}}},"2":{"name":"buyIceCream","line":49,"loc":{"start":{"line":49,"column":4},"end":{"line":64,"column":4}}},"3":{"name":"openShop","line":66,"loc":{"start":{"line":66,"column":4},"end":{"line":69,"column":4}}},"4":{"name":"closeShop","line":71,"loc":{"start":{"line":71,"column":4},"end":{"line":74,"column":4}}},"5":{"name":"makeIceCreams","line":78,"loc":{"start":{"line":76,"column":4},"end":{"line":83,"column":4}}},"6":{"name":"withdrawFunds","line":85,"loc":{"start":{"line":85,"column":4},"end":{"line":87,"column":4}}}},"statementMap":{"1":{"start":{"line":32,"column":8},"end":{"line":32,"column":702}},"2":{"start":{"line":37,"column":8},"end":{"line":37,"column":65}},"3":{"start":{"line":39,"column":8},"end":{"line":39,"column":946}},"4":{"start":{"line":44,"column":8},"end":{"line":44,"column":64}},"5":{"start":{"line":46,"column":8},"end":{"line":46,"column":25}},"6":{"start":{"line":50,"column":8},"end":{"line":50,"column":48}},"7":{"start":{"line":51,"column":8},"end":{"line":51,"column":1351}},"8":{"start":{"line":55,"column":8},"end":{"line":55,"column":1480}},"9":{"start":{"line":60,"column":8},"end":{"line":60,"column":33}},"10":{"start":{"line":61,"column":8},"end":{"line":61,"column":54}},"11":{"start":{"line":63,"column":8},"end":{"line":63,"column":58}},"12":{"start":{"line":67,"column":8},"end":{"line":67,"column":50}},"13":{"start":{"line":68,"column":8},"end":{"line":68,"column":24}},"14":{"start":{"line":72,"column":8},"end":{"line":72,"column":49}},"15":{"start":{"line":73,"column":8},"end":{"line":73,"column":25}},"16":{"start":{"line":80,"column":8},"end":{"line":80,"column":54}},"17":{"start":{"line":82,"column":8},"end":{"line":82,"column":69}},"18":{"start":{"line":86,"column":8},"end":{"line":86,"column":55}}},"branchMap":{"1":{"line":50,"type":"if","locations":[{"start":{"line":50,"column":8},"end":{"line":50,"column":8}},{"start":{"line":50,"column":8},"end":{"line":50,"column":8}}]},"2":{"line":51,"type":"if","locations":[{"start":{"line":51,"column":8},"end":{"line":51,"column":8}},{"start":{"line":51,"column":8},"end":{"line":51,"column":8}}]},"3":{"line":55,"type":"if","locations":[{"start":{"line":55,"column":8},"end":{"line":55,"column":8}},{"start":{"line":55,"column":8},"end":{"line":55,"column":8}}]},"4":{"line":67,"type":"if","locations":[{"start":{"line":67,"column":8},"end":{"line":67,"column":8}},{"start":{"line":67,"column":8},"end":{"line":67,"column":8}}]},"5":{"line":72,"type":"if","locations":[{"start":{"line":72,"column":8},"end":{"line":72,"column":8}},{"start":{"line":72,"column":8},"end":{"line":72,"column":8}}]}}},"contracts/Payable.sol":{"l":{"12":0,"18":0},"path":"/Users/mayankvats/Desktop/work/blockchain/personal_projects/smart_contracts/contracts/Payable.sol","s":{"1":0,"2":0},"b":{},"f":{"1":0,"2":0,"3":0},"fnMap":{"1":{"name":"constructor","line":11,"loc":{"start":{"line":11,"column":4},"end":{"line":13,"column":4}}},"2":{"name":"deposit","line":15,"loc":{"start":{"line":15,"column":4},"end":{"line":15,"column":41}}},"3":{"name":"getBalance","line":17,"loc":{"start":{"line":17,"column":4},"end":{"line":19,"column":4}}}},"statementMap":{"1":{"start":{"line":12,"column":8},"end":{"line":12,"column":34}},"2":{"start":{"line":18,"column":8},"end":{"line":18,"column":36}}},"branchMap":{}},"contracts/RBAC.sol":{"l":{"35":0,"40":0,"42":0,"47":0,"49":0,"51":0,"52":0,"53":0,"57":0,"58":0,"62":0,"67":0,"68":0,"70":0,"74":0,"75":0,"79":0,"80":0,"87":0,"89":0,"96":0},"path":"/Users/mayankvats/Desktop/work/blockchain/personal_projects/smart_contracts/contracts/RBAC.sol","s":{"1":0,"2":0,"3":0,"4":0,"5":0,"6":0,"7":0,"8":0,"9":0,"10":0,"11":0,"12":0,"13":0,"14":0,"15":0,"16":0,"17":0,"18":0,"19":0,"20":0,"21":0},"b":{"1":[0,0],"2":[0,0],"3":[0,0],"4":[0,0],"5":[0,0]},"f":{"1":0,"2":0,"3":0,"4":0,"5":0,"6":0},"fnMap":{"1":{"name":"constructor","line":34,"loc":{"start":{"line":34,"column":4},"end":{"line":54,"column":4}}},"2":{"name":"buyIceCream","line":56,"loc":{"start":{"line":56,"column":4},"end":{"line":71,"column":4}}},"3":{"name":"openShop","line":73,"loc":{"start":{"line":73,"column":4},"end":{"line":76,"column":4}}},"4":{"name":"closeShop","line":78,"loc":{"start":{"line":78,"column":4},"end":{"line":81,"column":4}}},"5":{"name":"makeIceCreams","line":85,"loc":{"start":{"line":83,"column":4},"end":{"line":90,"column":4}}},"6":{"name":"withdrawFunds","line":94,"loc":{"start":{"line":92,"column":4},"end":{"line":97,"column":4}}}},"statementMap":{"1":{"start":{"line":35,"column":8},"end":{"line":35,"column":847}},"2":{"start":{"line":40,"column":8},"end":{"line":40,"column":65}},"3":{"start":{"line":42,"column":8},"end":{"line":42,"column":1091}},"4":{"start":{"line":47,"column":8},"end":{"line":47,"column":64}},"5":{"start":{"line":49,"column":8},"end":{"line":49,"column":25}},"6":{"start":{"line":51,"column":8},"end":{"line":51,"column":73}},"7":{"start":{"line":52,"column":8},"end":{"line":52,"column":73}},"8":{"start":{"line":53,"column":8},"end":{"line":53,"column":49}},"9":{"start":{"line":57,"column":8},"end":{"line":57,"column":48}},"10":{"start":{"line":58,"column":8},"end":{"line":58,"column":1701}},"11":{"start":{"line":62,"column":8},"end":{"line":62,"column":1830}},"12":{"start":{"line":67,"column":8},"end":{"line":67,"column":33}},"13":{"start":{"line":68,"column":8},"end":{"line":68,"column":54}},"14":{"start":{"line":70,"column":8},"end":{"line":70,"column":58}},"15":{"start":{"line":74,"column":8},"end":{"line":74,"column":50}},"16":{"start":{"line":75,"column":8},"end":{"line":75,"column":24}},"17":{"start":{"line":79,"column":8},"end":{"line":79,"column":49}},"18":{"start":{"line":80,"column":8},"end":{"line":80,"column":25}},"19":{"start":{"line":87,"column":8},"end":{"line":87,"column":54}},"20":{"start":{"line":89,"column":8},"end":{"line":89,"column":69}},"21":{"start":{"line":96,"column":8},"end":{"line":96,"column":58}}},"branchMap":{"1":{"line":57,"type":"if","locations":[{"start":{"line":57,"column":8},"end":{"line":57,"column":8}},{"start":{"line":57,"column":8},"end":{"line":57,"column":8}}]},"2":{"line":58,"type":"if","locations":[{"start":{"line":58,"column":8},"end":{"line":58,"column":8}},{"start":{"line":58,"column":8},"end":{"line":58,"column":8}}]},"3":{"line":62,"type":"if","locations":[{"start":{"line":62,"column":8},"end":{"line":62,"column":8}},{"start":{"line":62,"column":8},"end":{"line":62,"column":8}}]},"4":{"line":74,"type":"if","locations":[{"start":{"line":74,"column":8},"end":{"line":74,"column":8}},{"start":{"line":74,"column":8},"end":{"line":74,"column":8}}]},"5":{"line":79,"type":"if","locations":[{"start":{"line":79,"column":8},"end":{"line":79,"column":8}},{"start":{"line":79,"column":8},"end":{"line":79,"column":8}}]}}},"contracts/SimpleAuction.sol":{"l":{"46":0,"47":0,"63":0,"70":0,"72":0,"78":0,"80":0,"81":0,"82":0,"87":0,"88":0,"92":0,"97":0,"99":0,"100":0,"103":0,"123":0,"124":0,"127":0,"128":0,"131":0},"path":"/Users/mayankvats/Desktop/work/blockchain/personal_projects/smart_contracts/contracts/SimpleAuction.sol","s":{"1":0,"2":0,"3":0,"4":0,"5":0,"6":0,"7":0,"8":0,"9":0,"10":0,"11":0,"12":0,"13":0,"14":0,"15":0,"16":0,"17":0,"18":0,"19":0,"20":0,"21":0},"b":{"1":[0,0],"2":[0,0],"3":[0,0],"4":[0,0],"5":[0,0],"6":[0,0],"7":[0,0]},"f":{"1":0,"2":0,"3":0,"4":0},"fnMap":{"1":{"name":"constructor","line":45,"loc":{"start":{"line":45,"column":4},"end":{"line":48,"column":4}}},"2":{"name":"bid","line":54,"loc":{"start":{"line":54,"column":4},"end":{"line":83,"column":4}}},"3":{"name":"withdraw","line":86,"loc":{"start":{"line":86,"column":4},"end":{"line":104,"column":4}}},"4":{"name":"auctionEnd","line":108,"loc":{"start":{"line":108,"column":4},"end":{"line":132,"column":4}}}},"statementMap":{"1":{"start":{"line":46,"column":8},"end":{"line":46,"column":39}},"2":{"start":{"line":47,"column":8},"end":{"line":47,"column":53}},"3":{"start":{"line":63,"column":8},"end":{"line":63,"column":74}},"4":{"start":{"line":70,"column":8},"end":{"line":70,"column":72}},"5":{"start":{"line":72,"column":8},"end":{"line":72,"column":2513}},"6":{"start":{"line":78,"column":12},"end":{"line":78,"column":54}},"7":{"start":{"line":80,"column":8},"end":{"line":80,"column":33}},"8":{"start":{"line":81,"column":8},"end":{"line":81,"column":29}},"9":{"start":{"line":82,"column":8},"end":{"line":82,"column":55}},"10":{"start":{"line":87,"column":8},"end":{"line":87,"column":48}},"11":{"start":{"line":88,"column":8},"end":{"line":88,"column":3170}},"12":{"start":{"line":92,"column":12},"end":{"line":92,"column":41}},"13":{"start":{"line":97,"column":12},"end":{"line":97,"column":3627}},"14":{"start":{"line":99,"column":16},"end":{"line":99,"column":50}},"15":{"start":{"line":100,"column":16},"end":{"line":100,"column":28}},"16":{"start":{"line":103,"column":8},"end":{"line":103,"column":19}},"17":{"start":{"line":123,"column":8},"end":{"line":123,"column":73}},"18":{"start":{"line":124,"column":8},"end":{"line":124,"column":51}},"19":{"start":{"line":127,"column":8},"end":{"line":127,"column":19}},"20":{"start":{"line":128,"column":8},"end":{"line":128,"column":52}},"21":{"start":{"line":131,"column":8},"end":{"line":131,"column":39}}},"branchMap":{"1":{"line":63,"type":"if","locations":[{"start":{"line":63,"column":8},"end":{"line":63,"column":8}},{"start":{"line":63,"column":8},"end":{"line":63,"column":8}}]},"2":{"line":70,"type":"if","locations":[{"start":{"line":70,"column":8},"end":{"line":70,"column":8}},{"start":{"line":70,"column":8},"end":{"line":70,"column":8}}]},"3":{"line":72,"type":"if","locations":[{"start":{"line":72,"column":8},"end":{"line":72,"column":8}},{"start":{"line":72,"column":8},"end":{"line":72,"column":8}}]},"4":{"line":88,"type":"if","locations":[{"start":{"line":88,"column":8},"end":{"line":88,"column":8}},{"start":{"line":88,"column":8},"end":{"line":88,"column":8}}]},"5":{"line":97,"type":"if","locations":[{"start":{"line":97,"column":12},"end":{"line":97,"column":12}},{"start":{"line":97,"column":12},"end":{"line":97,"column":12}}]},"6":{"line":123,"type":"if","locations":[{"start":{"line":123,"column":8},"end":{"line":123,"column":8}},{"start":{"line":123,"column":8},"end":{"line":123,"column":8}}]},"7":{"line":124,"type":"if","locations":[{"start":{"line":124,"column":8},"end":{"line":124,"column":8}},{"start":{"line":124,"column":8},"end":{"line":124,"column":8}}]}}},"contracts/Vault.sol":{"l":{"10":3,"14":0,"35":1,"36":1},"path":"/Users/mayankvats/Desktop/work/blockchain/personal_projects/smart_contracts/contracts/Vault.sol","s":{"1":3,"2":0,"3":1,"4":1},"b":{},"f":{"1":3,"2":0,"3":1},"fnMap":{"1":{"name":"constructor","line":9,"loc":{"start":{"line":9,"column":4},"end":{"line":11,"column":4}}},"2":{"name":"deposit","line":13,"loc":{"start":{"line":13,"column":4},"end":{"line":15,"column":4}}},"3":{"name":"depositWithPermit","line":28,"loc":{"start":{"line":28,"column":4},"end":{"line":37,"column":4}}}},"statementMap":{"1":{"start":{"line":10,"column":8},"end":{"line":10,"column":34}},"2":{"start":{"line":14,"column":8},"end":{"line":14,"column":60}},"3":{"start":{"line":35,"column":8},"end":{"line":35,"column":73}},"4":{"start":{"line":36,"column":8},"end":{"line":36,"column":60}}},"branchMap":{}},"contracts/VerifySignature.sol":{"l":{"24":0,"25":0,"27":0,"40":0,"53":0,"73":0,"75":0,"95":0,"101":0},"path":"/Users/mayankvats/Desktop/work/blockchain/personal_projects/smart_contracts/contracts/VerifySignature.sol","s":{"1":0,"2":0,"3":0,"4":0,"5":0,"6":0,"7":0,"8":0},"b":{"1":[0,0]},"f":{"1":0,"2":0,"3":0,"4":0,"5":0},"fnMap":{"1":{"name":"verify","line":19,"loc":{"start":{"line":19,"column":4},"end":{"line":28,"column":4}}},"2":{"name":"getMessageHash","line":35,"loc":{"start":{"line":35,"column":4},"end":{"line":41,"column":4}}},"3":{"name":"getSignedMessageHash","line":48,"loc":{"start":{"line":48,"column":4},"end":{"line":60,"column":4}}},"4":{"name":"recover","line":67,"loc":{"start":{"line":67,"column":4},"end":{"line":76,"column":4}}},"5":{"name":"_split","line":85,"loc":{"start":{"line":85,"column":4},"end":{"line":109,"column":4}}}},"statementMap":{"1":{"start":{"line":24,"column":8},"end":{"line":24,"column":54}},"2":{"start":{"line":25,"column":8},"end":{"line":25,"column":69}},"3":{"start":{"line":27,"column":8},"end":{"line":27,"column":58}},"4":{"start":{"line":40,"column":8},"end":{"line":40,"column":52}},"5":{"start":{"line":53,"column":8},"end":{"line":53,"column":1441}},"6":{"start":{"line":73,"column":8},"end":{"line":73,"column":54}},"7":{"start":{"line":75,"column":8},"end":{"line":75,"column":53}},"8":{"start":{"line":95,"column":8},"end":{"line":95,"column":61}}},"branchMap":{"1":{"line":95,"type":"if","locations":[{"start":{"line":95,"column":8},"end":{"line":95,"column":8}},{"start":{"line":95,"column":8},"end":{"line":95,"column":8}}]}}},"contracts/Voting.sol":{"l":{"33":0,"34":0,"39":0,"43":0,"60":0,"64":0,"65":0,"66":0,"72":0,"73":0,"75":0,"85":0,"86":0,"89":0,"94":0,"97":0,"98":0,"99":0,"100":0,"103":0,"107":0,"114":0,"115":0,"116":0,"117":0,"118":0,"123":0,"129":0,"130":0,"131":0,"132":0,"133":0,"142":0},"path":"/Users/mayankvats/Desktop/work/blockchain/personal_projects/smart_contracts/contracts/Voting.sol","s":{"1":0,"2":0,"3":0,"4":0,"5":0,"6":0,"7":0,"8":0,"9":0,"10":0,"11":0,"12":0,"13":0,"14":0,"15":0,"16":0,"17":0,"18":0,"19":0,"20":0,"21":0,"22":0,"23":0,"24":0,"25":0,"26":0,"27":0,"28":0,"29":0,"30":0,"31":0,"32":0,"33":0},"b":{"1":[0,0],"2":[0,0],"3":[0,0],"4":[0,0],"5":[0,0],"6":[0,0],"7":[0,0],"8":[0,0],"9":[0,0],"10":[0,0],"11":[0,0]},"f":{"1":0,"2":0,"3":0,"4":0,"5":0,"6":0},"fnMap":{"1":{"name":"constructor","line":32,"loc":{"start":{"line":32,"column":4},"end":{"line":45,"column":4}}},"2":{"name":"giveRightToVote","line":49,"loc":{"start":{"line":49,"column":4},"end":{"line":67,"column":4}}},"3":{"name":"delegate","line":70,"loc":{"start":{"line":70,"column":4},"end":{"line":109,"column":4}}},"4":{"name":"vote","line":113,"loc":{"start":{"line":113,"column":4},"end":{"line":124,"column":4}}},"5":{"name":"winningProposal","line":128,"loc":{"start":{"line":128,"column":4},"end":{"line":136,"column":4}}},"6":{"name":"winnerName","line":141,"loc":{"start":{"line":141,"column":4},"end":{"line":143,"column":4}}}},"statementMap":{"1":{"start":{"line":33,"column":8},"end":{"line":33,"column":31}},"2":{"start":{"line":34,"column":8},"end":{"line":34,"column":37}},"3":{"start":{"line":39,"column":8},"end":{"line":39,"column":1288}},"4":{"start":{"line":43,"column":12},"end":{"line":43,"column":75}},"5":{"start":{"line":60,"column":8},"end":{"line":60,"column":2243}},"6":{"start":{"line":64,"column":8},"end":{"line":64,"column":64}},"7":{"start":{"line":65,"column":8},"end":{"line":65,"column":41}},"8":{"start":{"line":66,"column":8},"end":{"line":66,"column":31}},"9":{"start":{"line":72,"column":8},"end":{"line":72,"column":49}},"10":{"start":{"line":73,"column":8},"end":{"line":73,"column":51}},"11":{"start":{"line":75,"column":8},"end":{"line":75,"column":66}},"12":{"start":{"line":85,"column":8},"end":{"line":85,"column":3221}},"13":{"start":{"line":86,"column":12},"end":{"line":86,"column":35}},"14":{"start":{"line":89,"column":12},"end":{"line":89,"column":65}},"15":{"start":{"line":94,"column":8},"end":{"line":94,"column":44}},"16":{"start":{"line":97,"column":8},"end":{"line":97,"column":37}},"17":{"start":{"line":98,"column":8},"end":{"line":98,"column":26}},"18":{"start":{"line":99,"column":8},"end":{"line":99,"column":27}},"19":{"start":{"line":100,"column":8},"end":{"line":100,"column":3757}},"20":{"start":{"line":103,"column":12},"end":{"line":103,"column":63}},"21":{"start":{"line":107,"column":12},"end":{"line":107,"column":44}},"22":{"start":{"line":114,"column":8},"end":{"line":114,"column":49}},"23":{"start":{"line":115,"column":8},"end":{"line":115,"column":58}},"24":{"start":{"line":116,"column":8},"end":{"line":116,"column":47}},"25":{"start":{"line":117,"column":8},"end":{"line":117,"column":26}},"26":{"start":{"line":118,"column":8},"end":{"line":118,"column":29}},"27":{"start":{"line":123,"column":8},"end":{"line":123,"column":53}},"28":{"start":{"line":129,"column":8},"end":{"line":129,"column":33}},"29":{"start":{"line":130,"column":8},"end":{"line":130,"column":4890}},"30":{"start":{"line":131,"column":12},"end":{"line":131,"column":4952}},"31":{"start":{"line":132,"column":16},"end":{"line":132,"column":56}},"32":{"start":{"line":133,"column":16},"end":{"line":133,"column":35}},"33":{"start":{"line":142,"column":8},"end":{"line":142,"column":54}}},"branchMap":{"1":{"line":60,"type":"if","locations":[{"start":{"line":60,"column":8},"end":{"line":60,"column":8}},{"start":{"line":60,"column":8},"end":{"line":60,"column":8}}]},"2":{"line":64,"type":"if","locations":[{"start":{"line":64,"column":8},"end":{"line":64,"column":8}},{"start":{"line":64,"column":8},"end":{"line":64,"column":8}}]},"3":{"line":65,"type":"if","locations":[{"start":{"line":65,"column":8},"end":{"line":65,"column":8}},{"start":{"line":65,"column":8},"end":{"line":65,"column":8}}]},"4":{"line":73,"type":"if","locations":[{"start":{"line":73,"column":8},"end":{"line":73,"column":8}},{"start":{"line":73,"column":8},"end":{"line":73,"column":8}}]},"5":{"line":75,"type":"if","locations":[{"start":{"line":75,"column":8},"end":{"line":75,"column":8}},{"start":{"line":75,"column":8},"end":{"line":75,"column":8}}]},"6":{"line":89,"type":"if","locations":[{"start":{"line":89,"column":12},"end":{"line":89,"column":12}},{"start":{"line":89,"column":12},"end":{"line":89,"column":12}}]},"7":{"line":97,"type":"if","locations":[{"start":{"line":97,"column":8},"end":{"line":97,"column":8}},{"start":{"line":97,"column":8},"end":{"line":97,"column":8}}]},"8":{"line":100,"type":"if","locations":[{"start":{"line":100,"column":8},"end":{"line":100,"column":8}},{"start":{"line":100,"column":8},"end":{"line":100,"column":8}}]},"9":{"line":115,"type":"if","locations":[{"start":{"line":115,"column":8},"end":{"line":115,"column":8}},{"start":{"line":115,"column":8},"end":{"line":115,"column":8}}]},"10":{"line":116,"type":"if","locations":[{"start":{"line":116,"column":8},"end":{"line":116,"column":8}},{"start":{"line":116,"column":8},"end":{"line":116,"column":8}}]},"11":{"line":131,"type":"if","locations":[{"start":{"line":131,"column":12},"end":{"line":131,"column":12}},{"start":{"line":131,"column":12},"end":{"line":131,"column":12}}]}}}}